2026-04-10 09:28:32,200 - mmseg - INFO - Starting training | monitor=val.loss rule=less patience=10 | train_images=6072 val_images=714 train_bs=16 val_bs=16 num_classes=6 image_size=(1024,512)
2026-04-10 09:30:05,758 - mmseg - INFO - +-------+--------+--------+
2026-04-10 09:30:05,758 - mmseg - INFO - | Class |  IoU   |  Acc   |
2026-04-10 09:30:05,758 - mmseg - INFO - +-------+--------+--------+
2026-04-10 09:30:05,759 - mmseg - INFO - | 0     |  72.90 |  83.90 |
2026-04-10 09:30:05,759 - mmseg - INFO - | 1     |  51.83 |  67.43 |
2026-04-10 09:30:05,759 - mmseg - INFO - | 2     |  58.80 |  74.83 |
2026-04-10 09:30:05,759 - mmseg - INFO - | 3     |  64.98 |  82.41 |
2026-04-10 09:30:05,759 - mmseg - INFO - | 4     |  68.20 |  77.30 |
2026-04-10 09:30:05,759 - mmseg - INFO - | 5     |  80.73 |  84.52 |
2026-04-10 09:30:05,759 - mmseg - INFO - +-------+--------+--------+
2026-04-10 09:30:05,759 - mmseg - INFO - +--------+--------+--------+
2026-04-10 09:30:05,759 - mmseg - INFO - |  aAcc  |  mIoU  |  mAcc  |
2026-04-10 09:30:05,759 - mmseg - INFO - +--------+--------+--------+
2026-04-10 09:30:05,759 - mmseg - INFO - |  79.63 |  66.24 |  78.40 |
2026-04-10 09:30:05,759 - mmseg - INFO - +--------+--------+--------+
2026-04-10 09:30:06,747 - mmseg - INFO - Epoch 1/150 | train_loss=0.809636 train_acc=72.8634 | val_loss=0.523144 val_acc=79.7047 | mIoU=66.24 mAcc=78.40 aAcc=79.63 | val_images=714 val_batches=45 | best_val_loss=0.523144 best_mIoU=0.6624 | early_stop_bad=0/10
2026-04-10 09:30:06,747 - mmseg - INFO - Saved epoch checkpoint: epoch_1.pth
2026-04-10 09:30:06,747 - mmseg - INFO - Updated latest.pth
2026-04-10 09:30:06,747 - mmseg - INFO - New best checkpoint: best_mIoU_epoch_1.pth
2026-04-10 09:31:33,152 - mmseg - INFO - +-------+--------+--------+
2026-04-10 09:31:33,152 - mmseg - INFO - | Class |  IoU   |  Acc   |
2026-04-10 09:31:33,152 - mmseg - INFO - +-------+--------+--------+
2026-04-10 09:31:33,152 - mmseg - INFO - | 0     |  76.65 |  83.65 |
2026-04-10 09:31:33,152 - mmseg - INFO - | 1     |  64.98 |  76.47 |
2026-04-10 09:31:33,152 - mmseg - INFO - | 2     |  70.03 |  85.25 |
2026-04-10 09:31:33,152 - mmseg - INFO - | 3     |  75.19 |  87.74 |
2026-04-10 09:31:33,152 - mmseg - INFO - | 4     |  82.30 |  88.30 |
2026-04-10 09:31:33,152 - mmseg - INFO - | 5     |  90.44 |  92.98 |
2026-04-10 09:31:33,152 - mmseg - INFO - +-------+--------+--------+
2026-04-10 09:31:33,152 - mmseg - INFO - +--------+--------+--------+
2026-04-10 09:31:33,152 - mmseg - INFO - |  aAcc  |  mIoU  |  mAcc  |
2026-04-10 09:31:33,152 - mmseg - INFO - +--------+--------+--------+
2026-04-10 09:31:33,152 - mmseg - INFO - |  86.80 |  76.60 |  85.73 |
2026-04-10 09:31:33,152 - mmseg - INFO - +--------+--------+--------+
2026-04-10 09:31:34,122 - mmseg - INFO - Epoch 2/150 | train_loss=0.422394 train_acc=84.3117 | val_loss=0.360229 val_acc=86.8271 | mIoU=76.60 mAcc=85.73 aAcc=86.80 | val_images=714 val_batches=45 | best_val_loss=0.360229 best_mIoU=0.7660 | early_stop_bad=0/10
2026-04-10 09:31:34,122 - mmseg - INFO - Saved epoch checkpoint: epoch_2.pth
2026-04-10 09:31:34,122 - mmseg - INFO - Updated latest.pth
2026-04-10 09:31:34,122 - mmseg - INFO - New best checkpoint: best_mIoU_epoch_2.pth
2026-04-10 09:33:02,379 - mmseg - INFO - +-------+--------+--------+
2026-04-10 09:33:02,379 - mmseg - INFO - | Class |  IoU   |  Acc   |
2026-04-10 09:33:02,379 - mmseg - INFO - +-------+--------+--------+
2026-04-10 09:33:02,379 - mmseg - INFO - | 0     |  76.90 |  81.58 |
2026-04-10 09:33:02,379 - mmseg - INFO - | 1     |  68.81 |  81.10 |
2026-04-10 09:33:02,379 - mmseg - INFO - | 2     |  72.85 |  86.85 |
2026-04-10 09:33:02,379 - mmseg - INFO - | 3     |  76.83 |  89.96 |
2026-04-10 09:33:02,379 - mmseg - INFO - | 4     |  83.58 |  88.43 |
2026-04-10 09:33:02,379 - mmseg - INFO - | 5     |  92.03 |  94.33 |
2026-04-10 09:33:02,379 - mmseg - INFO - +-------+--------+--------+
2026-04-10 09:33:02,379 - mmseg - INFO - +--------+--------+--------+
2026-04-10 09:33:02,379 - mmseg - INFO - |  aAcc  |  mIoU  |  mAcc  |
2026-04-10 09:33:02,379 - mmseg - INFO - +--------+--------+--------+
2026-04-10 09:33:02,379 - mmseg - INFO - |  87.89 |  78.50 |  87.04 |
2026-04-10 09:33:02,379 - mmseg - INFO - +--------+--------+--------+
2026-04-10 09:33:03,378 - mmseg - INFO - Epoch 3/150 | train_loss=0.337432 train_acc=87.7123 | val_loss=0.336499 val_acc=87.9208 | mIoU=78.50 mAcc=87.04 aAcc=87.89 | val_images=714 val_batches=45 | best_val_loss=0.336499 best_mIoU=0.7850 | early_stop_bad=0/10
2026-04-10 09:33:03,378 - mmseg - INFO - Saved epoch checkpoint: epoch_3.pth
2026-04-10 09:33:03,378 - mmseg - INFO - Updated latest.pth
2026-04-10 09:33:03,378 - mmseg - INFO - New best checkpoint: best_mIoU_epoch_3.pth
2026-04-10 09:34:32,146 - mmseg - INFO - +-------+--------+--------+
2026-04-10 09:34:32,146 - mmseg - INFO - | Class |  IoU   |  Acc   |
2026-04-10 09:34:32,146 - mmseg - INFO - +-------+--------+--------+
2026-04-10 09:34:32,146 - mmseg - INFO - | 0     |  78.62 |  84.59 |
2026-04-10 09:34:32,146 - mmseg - INFO - | 1     |  70.13 |  83.13 |
2026-04-10 09:34:32,146 - mmseg - INFO - | 2     |  74.27 |  86.08 |
2026-04-10 09:34:32,146 - mmseg - INFO - | 3     |  78.46 |  89.87 |
2026-04-10 09:34:32,146 - mmseg - INFO - | 4     |  86.47 |  91.60 |
2026-04-10 09:34:32,146 - mmseg - INFO - | 5     |  93.93 |  95.76 |
2026-04-10 09:34:32,146 - mmseg - INFO - +-------+--------+--------+
2026-04-10 09:34:32,146 - mmseg - INFO - +--------+--------+--------+
2026-04-10 09:34:32,146 - mmseg - INFO - |  aAcc  |  mIoU  |  mAcc  |
2026-04-10 09:34:32,146 - mmseg - INFO - +--------+--------+--------+
2026-04-10 09:34:32,146 - mmseg - INFO - |  89.07 |  80.31 |  88.51 |
2026-04-10 09:34:32,146 - mmseg - INFO - +--------+--------+--------+
2026-04-10 09:34:33,141 - mmseg - INFO - Epoch 4/150 | train_loss=0.301922 train_acc=88.9333 | val_loss=0.289485 val_acc=89.1016 | mIoU=80.31 mAcc=88.51 aAcc=89.07 | val_images=714 val_batches=45 | best_val_loss=0.289485 best_mIoU=0.8031 | early_stop_bad=0/10
2026-04-10 09:34:33,141 - mmseg - INFO - Saved epoch checkpoint: epoch_4.pth
2026-04-10 09:34:33,141 - mmseg - INFO - Updated latest.pth
2026-04-10 09:34:33,141 - mmseg - INFO - New best checkpoint: best_mIoU_epoch_4.pth
2026-04-10 09:35:59,570 - mmseg - INFO - +-------+--------+--------+
2026-04-10 09:35:59,570 - mmseg - INFO - | Class |  IoU   |  Acc   |
2026-04-10 09:35:59,570 - mmseg - INFO - +-------+--------+--------+
2026-04-10 09:35:59,570 - mmseg - INFO - | 0     |  78.86 |  85.08 |
2026-04-10 09:35:59,570 - mmseg - INFO - | 1     |  68.29 |  74.79 |
2026-04-10 09:35:59,570 - mmseg - INFO - | 2     |  72.36 |  82.67 |
2026-04-10 09:35:59,570 - mmseg - INFO - | 3     |  76.98 |  88.67 |
2026-04-10 09:35:59,570 - mmseg - INFO - | 4     |  85.00 |  93.09 |
2026-04-10 09:35:59,570 - mmseg - INFO - | 5     |  91.31 |  97.82 |
2026-04-10 09:35:59,570 - mmseg - INFO - +-------+--------+--------+
2026-04-10 09:35:59,570 - mmseg - INFO - +--------+--------+--------+
2026-04-10 09:35:59,570 - mmseg - INFO - |  aAcc  |  mIoU  |  mAcc  |
2026-04-10 09:35:59,570 - mmseg - INFO - +--------+--------+--------+
2026-04-10 09:35:59,570 - mmseg - INFO - |  88.27 |  78.80 |  87.02 |
2026-04-10 09:35:59,570 - mmseg - INFO - +--------+--------+--------+
2026-04-10 09:36:00,045 - mmseg - INFO - Epoch 5/150 | train_loss=0.274559 train_acc=89.9378 | val_loss=0.323592 val_acc=88.3071 | mIoU=78.80 mAcc=87.02 aAcc=88.27 | val_images=714 val_batches=45 | best_val_loss=0.289485 best_mIoU=0.8031 | early_stop_bad=1/10
2026-04-10 09:36:00,045 - mmseg - INFO - Saved epoch checkpoint: epoch_5.pth
2026-04-10 09:36:00,045 - mmseg - INFO - Updated latest.pth
2026-04-10 09:37:25,479 - mmseg - INFO - +-------+--------+--------+
2026-04-10 09:37:25,479 - mmseg - INFO - | Class |  IoU   |  Acc   |
2026-04-10 09:37:25,479 - mmseg - INFO - +-------+--------+--------+
2026-04-10 09:37:25,479 - mmseg - INFO - | 0     |  78.91 |  84.35 |
2026-04-10 09:37:25,479 - mmseg - INFO - | 1     |  72.19 |  85.54 |
2026-04-10 09:37:25,479 - mmseg - INFO - | 2     |  73.50 |  88.22 |
2026-04-10 09:37:25,479 - mmseg - INFO - | 3     |  77.80 |  88.48 |
2026-04-10 09:37:25,479 - mmseg - INFO - | 4     |  86.18 |  91.15 |
2026-04-10 09:37:25,479 - mmseg - INFO - | 5     |  93.10 |  94.04 |
2026-04-10 09:37:25,479 - mmseg - INFO - +-------+--------+--------+
2026-04-10 09:37:25,479 - mmseg - INFO - +--------+--------+--------+
2026-04-10 09:37:25,479 - mmseg - INFO - |  aAcc  |  mIoU  |  mAcc  |
2026-04-10 09:37:25,479 - mmseg - INFO - +--------+--------+--------+
2026-04-10 09:37:25,480 - mmseg - INFO - |  88.83 |  80.28 |  88.63 |
2026-04-10 09:37:25,480 - mmseg - INFO - +--------+--------+--------+
2026-04-10 09:37:25,955 - mmseg - INFO - Epoch 6/150 | train_loss=0.261629 train_acc=90.2224 | val_loss=0.316806 val_acc=88.8484 | mIoU=80.28 mAcc=88.63 aAcc=88.83 | val_images=714 val_batches=45 | best_val_loss=0.289485 best_mIoU=0.8031 | early_stop_bad=2/10
2026-04-10 09:37:25,955 - mmseg - INFO - Saved epoch checkpoint: epoch_6.pth
2026-04-10 09:37:25,955 - mmseg - INFO - Updated latest.pth
2026-04-10 09:38:51,985 - mmseg - INFO - +-------+--------+--------+
2026-04-10 09:38:51,985 - mmseg - INFO - | Class |  IoU   |  Acc   |
2026-04-10 09:38:51,985 - mmseg - INFO - +-------+--------+--------+
2026-04-10 09:38:51,985 - mmseg - INFO - | 0     |  79.57 |  86.22 |
2026-04-10 09:38:51,985 - mmseg - INFO - | 1     |  74.18 |  83.68 |
2026-04-10 09:38:51,986 - mmseg - INFO - | 2     |  76.57 |  86.98 |
2026-04-10 09:38:51,986 - mmseg - INFO - | 3     |  80.41 |  90.54 |
2026-04-10 09:38:51,986 - mmseg - INFO - | 4     |  88.60 |  93.57 |
2026-04-10 09:38:51,986 - mmseg - INFO - | 5     |  94.17 |  97.01 |
2026-04-10 09:38:51,986 - mmseg - INFO - +-------+--------+--------+
2026-04-10 09:38:51,986 - mmseg - INFO - +--------+--------+--------+
2026-04-10 09:38:51,986 - mmseg - INFO - |  aAcc  |  mIoU  |  mAcc  |
2026-04-10 09:38:51,986 - mmseg - INFO - +--------+--------+--------+
2026-04-10 09:38:51,986 - mmseg - INFO - |  90.25 |  82.25 |  89.67 |
2026-04-10 09:38:51,986 - mmseg - INFO - +--------+--------+--------+
2026-04-10 09:38:52,968 - mmseg - INFO - Epoch 7/150 | train_loss=0.244568 train_acc=90.9293 | val_loss=0.271706 val_acc=90.2731 | mIoU=82.25 mAcc=89.67 aAcc=90.25 | val_images=714 val_batches=45 | best_val_loss=0.271706 best_mIoU=0.8225 | early_stop_bad=0/10
2026-04-10 09:38:52,969 - mmseg - INFO - Saved epoch checkpoint: epoch_7.pth
2026-04-10 09:38:52,969 - mmseg - INFO - Updated latest.pth
2026-04-10 09:38:52,969 - mmseg - INFO - New best checkpoint: best_mIoU_epoch_7.pth
2026-04-10 09:40:19,575 - mmseg - INFO - +-------+--------+--------+
2026-04-10 09:40:19,575 - mmseg - INFO - | Class |  IoU   |  Acc   |
2026-04-10 09:40:19,575 - mmseg - INFO - +-------+--------+--------+
2026-04-10 09:40:19,575 - mmseg - INFO - | 0     |  74.72 |  85.71 |
2026-04-10 09:40:19,575 - mmseg - INFO - | 1     |  63.84 |  74.28 |
2026-04-10 09:40:19,575 - mmseg - INFO - | 2     |  69.24 |  80.83 |
2026-04-10 09:40:19,575 - mmseg - INFO - | 3     |  77.27 |  89.49 |
2026-04-10 09:40:19,575 - mmseg - INFO - | 4     |  85.28 |  91.17 |
2026-04-10 09:40:19,575 - mmseg - INFO - | 5     |  91.71 |  93.36 |
2026-04-10 09:40:19,575 - mmseg - INFO - +-------+--------+--------+
2026-04-10 09:40:19,575 - mmseg - INFO - +--------+--------+--------+
2026-04-10 09:40:19,575 - mmseg - INFO - |  aAcc  |  mIoU  |  mAcc  |
2026-04-10 09:40:19,575 - mmseg - INFO - +--------+--------+--------+
2026-04-10 09:40:19,575 - mmseg - INFO - |  87.43 |  77.01 |  85.81 |
2026-04-10 09:40:19,575 - mmseg - INFO - +--------+--------+--------+
2026-04-10 09:40:20,044 - mmseg - INFO - Epoch 8/150 | train_loss=0.228942 train_acc=91.4197 | val_loss=0.370868 val_acc=87.4548 | mIoU=77.01 mAcc=85.81 aAcc=87.43 | val_images=714 val_batches=45 | best_val_loss=0.271706 best_mIoU=0.8225 | early_stop_bad=1/10
2026-04-10 09:40:20,044 - mmseg - INFO - Saved epoch checkpoint: epoch_8.pth
2026-04-10 09:40:20,044 - mmseg - INFO - Updated latest.pth
2026-04-10 09:41:53,267 - mmseg - INFO - +-------+--------+--------+
2026-04-10 09:41:53,268 - mmseg - INFO - | Class |  IoU   |  Acc   |
2026-04-10 09:41:53,268 - mmseg - INFO - +-------+--------+--------+
2026-04-10 09:41:53,268 - mmseg - INFO - | 0     |  79.98 |  85.94 |
2026-04-10 09:41:53,268 - mmseg - INFO - | 1     |  75.24 |  85.85 |
2026-04-10 09:41:53,268 - mmseg - INFO - | 2     |  76.80 |  87.52 |
2026-04-10 09:41:53,268 - mmseg - INFO - | 3     |  80.23 |  90.39 |
2026-04-10 09:41:53,268 - mmseg - INFO - | 4     |  87.26 |  92.64 |
2026-04-10 09:41:53,268 - mmseg - INFO - | 5     |  92.27 |  95.69 |
2026-04-10 09:41:53,268 - mmseg - INFO - +-------+--------+--------+
2026-04-10 09:41:53,268 - mmseg - INFO - +--------+--------+--------+
2026-04-10 09:41:53,268 - mmseg - INFO - |  aAcc  |  mIoU  |  mAcc  |
2026-04-10 09:41:53,268 - mmseg - INFO - +--------+--------+--------+
2026-04-10 09:41:53,268 - mmseg - INFO - |  90.04 |  81.96 |  89.67 |
2026-04-10 09:41:53,268 - mmseg - INFO - +--------+--------+--------+
2026-04-10 09:41:53,734 - mmseg - INFO - Epoch 9/150 | train_loss=0.223097 train_acc=91.5726 | val_loss=0.261542 val_acc=90.0621 | mIoU=81.96 mAcc=89.67 aAcc=90.04 | val_images=714 val_batches=45 | best_val_loss=0.261542 best_mIoU=0.8225 | early_stop_bad=0/10
2026-04-10 09:41:53,734 - mmseg - INFO - Saved epoch checkpoint: epoch_9.pth
2026-04-10 09:41:53,734 - mmseg - INFO - Updated latest.pth
2026-04-10 09:43:25,316 - mmseg - INFO - +-------+--------+--------+
2026-04-10 09:43:25,316 - mmseg - INFO - | Class |  IoU   |  Acc   |
2026-04-10 09:43:25,316 - mmseg - INFO - +-------+--------+--------+
2026-04-10 09:43:25,316 - mmseg - INFO - | 0     |  80.23 |  86.10 |
2026-04-10 09:43:25,316 - mmseg - INFO - | 1     |  67.18 |  72.93 |
2026-04-10 09:43:25,316 - mmseg - INFO - | 2     |  73.31 |  84.62 |
2026-04-10 09:43:25,316 - mmseg - INFO - | 3     |  78.06 |  88.49 |
2026-04-10 09:43:25,316 - mmseg - INFO - | 4     |  84.82 |  93.29 |
2026-04-10 09:43:25,316 - mmseg - INFO - | 5     |  90.58 |  97.53 |
2026-04-10 09:43:25,316 - mmseg - INFO - +-------+--------+--------+
2026-04-10 09:43:25,316 - mmseg - INFO - +--------+--------+--------+
2026-04-10 09:43:25,316 - mmseg - INFO - |  aAcc  |  mIoU  |  mAcc  |
2026-04-10 09:43:25,316 - mmseg - INFO - +--------+--------+--------+
2026-04-10 09:43:25,316 - mmseg - INFO - |  88.63 |  79.03 |  87.16 |
2026-04-10 09:43:25,316 - mmseg - INFO - +--------+--------+--------+
2026-04-10 09:43:25,800 - mmseg - INFO - Epoch 10/150 | train_loss=0.211661 train_acc=91.8473 | val_loss=0.312027 val_acc=88.6642 | mIoU=79.03 mAcc=87.16 aAcc=88.63 | val_images=714 val_batches=45 | best_val_loss=0.261542 best_mIoU=0.8225 | early_stop_bad=1/10
2026-04-10 09:43:25,800 - mmseg - INFO - Saved epoch checkpoint: epoch_10.pth
2026-04-10 09:43:25,800 - mmseg - INFO - Updated latest.pth
2026-04-10 09:44:55,906 - mmseg - INFO - +-------+--------+--------+
2026-04-10 09:44:55,906 - mmseg - INFO - | Class |  IoU   |  Acc   |
2026-04-10 09:44:55,906 - mmseg - INFO - +-------+--------+--------+
2026-04-10 09:44:55,906 - mmseg - INFO - | 0     |  80.52 |  86.11 |
2026-04-10 09:44:55,906 - mmseg - INFO - | 1     |  76.06 |  88.19 |
2026-04-10 09:44:55,906 - mmseg - INFO - | 2     |  77.58 |  89.26 |
2026-04-10 09:44:55,906 - mmseg - INFO - | 3     |  80.68 |  90.23 |
2026-04-10 09:44:55,906 - mmseg - INFO - | 4     |  88.55 |  93.09 |
2026-04-10 09:44:55,906 - mmseg - INFO - | 5     |  94.48 |  95.79 |
2026-04-10 09:44:55,906 - mmseg - INFO - +-------+--------+--------+
2026-04-10 09:44:55,906 - mmseg - INFO - +--------+--------+--------+
2026-04-10 09:44:55,906 - mmseg - INFO - |  aAcc  |  mIoU  |  mAcc  |
2026-04-10 09:44:55,906 - mmseg - INFO - +--------+--------+--------+
2026-04-10 09:44:55,906 - mmseg - INFO - |  90.54 |  82.98 |  90.45 |
2026-04-10 09:44:55,906 - mmseg - INFO - +--------+--------+--------+
2026-04-10 09:44:56,901 - mmseg - INFO - Epoch 11/150 | train_loss=0.199605 train_acc=92.3398 | val_loss=0.252793 val_acc=90.5617 | mIoU=82.98 mAcc=90.45 aAcc=90.54 | val_images=714 val_batches=45 | best_val_loss=0.252793 best_mIoU=0.8298 | early_stop_bad=0/10
2026-04-10 09:44:56,901 - mmseg - INFO - Saved epoch checkpoint: epoch_11.pth
2026-04-10 09:44:56,901 - mmseg - INFO - Updated latest.pth
2026-04-10 09:44:56,901 - mmseg - INFO - New best checkpoint: best_mIoU_epoch_11.pth
2026-04-10 09:46:29,849 - mmseg - INFO - +-------+--------+--------+
2026-04-10 09:46:29,849 - mmseg - INFO - | Class |  IoU   |  Acc   |
2026-04-10 09:46:29,849 - mmseg - INFO - +-------+--------+--------+
2026-04-10 09:46:29,849 - mmseg - INFO - | 0     |  80.46 |  87.70 |
2026-04-10 09:46:29,849 - mmseg - INFO - | 1     |  76.08 |  88.36 |
2026-04-10 09:46:29,849 - mmseg - INFO - | 2     |  77.62 |  87.43 |
2026-04-10 09:46:29,849 - mmseg - INFO - | 3     |  80.72 |  89.48 |
2026-04-10 09:46:29,849 - mmseg - INFO - | 4     |  88.58 |  93.89 |
2026-04-10 09:46:29,849 - mmseg - INFO - | 5     |  93.61 |  97.42 |
2026-04-10 09:46:29,849 - mmseg - INFO - +-------+--------+--------+
2026-04-10 09:46:29,849 - mmseg - INFO - +--------+--------+--------+
2026-04-10 09:46:29,849 - mmseg - INFO - |  aAcc  |  mIoU  |  mAcc  |
2026-04-10 09:46:29,849 - mmseg - INFO - +--------+--------+--------+
2026-04-10 09:46:29,849 - mmseg - INFO - |  90.54 |  82.84 |  90.72 |
2026-04-10 09:46:29,849 - mmseg - INFO - +--------+--------+--------+
2026-04-10 09:46:30,409 - mmseg - INFO - Epoch 12/150 | train_loss=0.203472 train_acc=92.2154 | val_loss=0.263190 val_acc=90.5597 | mIoU=82.84 mAcc=90.72 aAcc=90.54 | val_images=714 val_batches=45 | best_val_loss=0.252793 best_mIoU=0.8298 | early_stop_bad=1/10
2026-04-10 09:46:30,409 - mmseg - INFO - Saved epoch checkpoint: epoch_12.pth
2026-04-10 09:46:30,409 - mmseg - INFO - Updated latest.pth
2026-04-10 09:47:59,445 - mmseg - INFO - +-------+--------+--------+
2026-04-10 09:47:59,445 - mmseg - INFO - | Class |  IoU   |  Acc   |
2026-04-10 09:47:59,445 - mmseg - INFO - +-------+--------+--------+
2026-04-10 09:47:59,445 - mmseg - INFO - | 0     |  80.74 |  87.44 |
2026-04-10 09:47:59,445 - mmseg - INFO - | 1     |  78.62 |  86.78 |
2026-04-10 09:47:59,445 - mmseg - INFO - | 2     |  79.69 |  89.09 |
2026-04-10 09:47:59,445 - mmseg - INFO - | 3     |  81.97 |  90.42 |
2026-04-10 09:47:59,446 - mmseg - INFO - | 4     |  90.03 |  95.08 |
2026-04-10 09:47:59,446 - mmseg - INFO - | 5     |  94.34 |  98.06 |
2026-04-10 09:47:59,446 - mmseg - INFO - +-------+--------+--------+
2026-04-10 09:47:59,446 - mmseg - INFO - +--------+--------+--------+
2026-04-10 09:47:59,446 - mmseg - INFO - |  aAcc  |  mIoU  |  mAcc  |
2026-04-10 09:47:59,446 - mmseg - INFO - +--------+--------+--------+
2026-04-10 09:47:59,446 - mmseg - INFO - |  91.34 |  84.23 |  91.15 |
2026-04-10 09:47:59,446 - mmseg - INFO - +--------+--------+--------+
2026-04-10 09:48:00,496 - mmseg - INFO - Epoch 13/150 | train_loss=0.203430 train_acc=92.0711 | val_loss=0.251740 val_acc=91.3568 | mIoU=84.23 mAcc=91.15 aAcc=91.34 | val_images=714 val_batches=45 | best_val_loss=0.251740 best_mIoU=0.8423 | early_stop_bad=0/10
2026-04-10 09:48:00,496 - mmseg - INFO - Saved epoch checkpoint: epoch_13.pth
2026-04-10 09:48:00,496 - mmseg - INFO - Updated latest.pth
2026-04-10 09:48:00,496 - mmseg - INFO - New best checkpoint: best_mIoU_epoch_13.pth
2026-04-10 09:49:31,242 - mmseg - INFO - +-------+--------+--------+
2026-04-10 09:49:31,242 - mmseg - INFO - | Class |  IoU   |  Acc   |
2026-04-10 09:49:31,242 - mmseg - INFO - +-------+--------+--------+
2026-04-10 09:49:31,242 - mmseg - INFO - | 0     |  80.93 |  87.37 |
2026-04-10 09:49:31,242 - mmseg - INFO - | 1     |  78.60 |  88.80 |
2026-04-10 09:49:31,242 - mmseg - INFO - | 2     |  79.73 |  89.08 |
2026-04-10 09:49:31,242 - mmseg - INFO - | 3     |  82.45 |  90.97 |
2026-04-10 09:49:31,242 - mmseg - INFO - | 4     |  90.38 |  95.09 |
2026-04-10 09:49:31,243 - mmseg - INFO - | 5     |  95.29 |  97.27 |
2026-04-10 09:49:31,243 - mmseg - INFO - +-------+--------+--------+
2026-04-10 09:49:31,243 - mmseg - INFO - +--------+--------+--------+
2026-04-10 09:49:31,243 - mmseg - INFO - |  aAcc  |  mIoU  |  mAcc  |
2026-04-10 09:49:31,243 - mmseg - INFO - +--------+--------+--------+
2026-04-10 09:49:31,243 - mmseg - INFO - |  91.53 |  84.57 |  91.43 |
2026-04-10 09:49:31,243 - mmseg - INFO - +--------+--------+--------+
2026-04-10 09:49:32,299 - mmseg - INFO - Epoch 14/150 | train_loss=0.190945 train_acc=92.5682 | val_loss=0.233421 val_acc=91.5443 | mIoU=84.57 mAcc=91.43 aAcc=91.53 | val_images=714 val_batches=45 | best_val_loss=0.233421 best_mIoU=0.8457 | early_stop_bad=0/10
2026-04-10 09:49:32,299 - mmseg - INFO - Saved epoch checkpoint: epoch_14.pth
2026-04-10 09:49:32,299 - mmseg - INFO - Updated latest.pth
2026-04-10 09:49:32,299 - mmseg - INFO - New best checkpoint: best_mIoU_epoch_14.pth
2026-04-10 09:50:59,521 - mmseg - INFO - +-------+--------+--------+
2026-04-10 09:50:59,521 - mmseg - INFO - | Class |  IoU   |  Acc   |
2026-04-10 09:50:59,521 - mmseg - INFO - +-------+--------+--------+
2026-04-10 09:50:59,521 - mmseg - INFO - | 0     |  80.75 |  86.54 |
2026-04-10 09:50:59,521 - mmseg - INFO - | 1     |  75.48 |  83.81 |
2026-04-10 09:50:59,521 - mmseg - INFO - | 2     |  77.44 |  87.19 |
2026-04-10 09:50:59,521 - mmseg - INFO - | 3     |  80.11 |  89.83 |
2026-04-10 09:50:59,521 - mmseg - INFO - | 4     |  86.75 |  93.19 |
2026-04-10 09:50:59,521 - mmseg - INFO - | 5     |  91.89 |  97.77 |
2026-04-10 09:50:59,521 - mmseg - INFO - +-------+--------+--------+
2026-04-10 09:50:59,521 - mmseg - INFO - +--------+--------+--------+
2026-04-10 09:50:59,521 - mmseg - INFO - |  aAcc  |  mIoU  |  mAcc  |
2026-04-10 09:50:59,521 - mmseg - INFO - +--------+--------+--------+
2026-04-10 09:50:59,521 - mmseg - INFO - |  90.10 |  82.07 |  89.72 |
2026-04-10 09:50:59,521 - mmseg - INFO - +--------+--------+--------+
2026-04-10 09:51:00,071 - mmseg - INFO - Epoch 15/150 | train_loss=0.181441 train_acc=92.8674 | val_loss=0.261317 val_acc=90.1318 | mIoU=82.07 mAcc=89.72 aAcc=90.10 | val_images=714 val_batches=45 | best_val_loss=0.233421 best_mIoU=0.8457 | early_stop_bad=1/10
2026-04-10 09:51:00,071 - mmseg - INFO - Saved epoch checkpoint: epoch_15.pth
2026-04-10 09:51:00,071 - mmseg - INFO - Updated latest.pth
2026-04-10 09:52:28,897 - mmseg - INFO - +-------+--------+--------+
2026-04-10 09:52:28,898 - mmseg - INFO - | Class |  IoU   |  Acc   |
2026-04-10 09:52:28,898 - mmseg - INFO - +-------+--------+--------+
2026-04-10 09:52:28,898 - mmseg - INFO - | 0     |  80.96 |  87.10 |
2026-04-10 09:52:28,898 - mmseg - INFO - | 1     |  77.33 |  88.80 |
2026-04-10 09:52:28,898 - mmseg - INFO - | 2     |  78.34 |  89.04 |
2026-04-10 09:52:28,898 - mmseg - INFO - | 3     |  81.54 |  90.65 |
2026-04-10 09:52:28,898 - mmseg - INFO - | 4     |  89.65 |  94.00 |
2026-04-10 09:52:28,898 - mmseg - INFO - | 5     |  94.99 |  96.17 |
2026-04-10 09:52:28,898 - mmseg - INFO - +-------+--------+--------+
2026-04-10 09:52:28,898 - mmseg - INFO - +--------+--------+--------+
2026-04-10 09:52:28,898 - mmseg - INFO - |  aAcc  |  mIoU  |  mAcc  |
2026-04-10 09:52:28,898 - mmseg - INFO - +--------+--------+--------+
2026-04-10 09:52:28,898 - mmseg - INFO - |  91.04 |  83.80 |  90.96 |
2026-04-10 09:52:28,898 - mmseg - INFO - +--------+--------+--------+
2026-04-10 09:52:29,365 - mmseg - INFO - Epoch 16/150 | train_loss=0.181650 train_acc=92.9031 | val_loss=0.251589 val_acc=91.0564 | mIoU=83.80 mAcc=90.96 aAcc=91.04 | val_images=714 val_batches=45 | best_val_loss=0.233421 best_mIoU=0.8457 | early_stop_bad=2/10
2026-04-10 09:52:29,365 - mmseg - INFO - Saved epoch checkpoint: epoch_16.pth
2026-04-10 09:52:29,365 - mmseg - INFO - Updated latest.pth
2026-04-10 09:53:59,190 - mmseg - INFO - +-------+--------+--------+
2026-04-10 09:53:59,190 - mmseg - INFO - | Class |  IoU   |  Acc   |
2026-04-10 09:53:59,190 - mmseg - INFO - +-------+--------+--------+
2026-04-10 09:53:59,190 - mmseg - INFO - | 0     |  81.09 |  87.14 |
2026-04-10 09:53:59,190 - mmseg - INFO - | 1     |  77.37 |  88.33 |
2026-04-10 09:53:59,190 - mmseg - INFO - | 2     |  78.93 |  89.36 |
2026-04-10 09:53:59,190 - mmseg - INFO - | 3     |  81.92 |  90.38 |
2026-04-10 09:53:59,190 - mmseg - INFO - | 4     |  89.85 |  94.49 |
2026-04-10 09:53:59,190 - mmseg - INFO - | 5     |  94.12 |  97.10 |
2026-04-10 09:53:59,190 - mmseg - INFO - +-------+--------+--------+
2026-04-10 09:53:59,190 - mmseg - INFO - +--------+--------+--------+
2026-04-10 09:53:59,190 - mmseg - INFO - |  aAcc  |  mIoU  |  mAcc  |
2026-04-10 09:53:59,190 - mmseg - INFO - +--------+--------+--------+
2026-04-10 09:53:59,190 - mmseg - INFO - |  91.19 |  83.88 |  91.13 |
2026-04-10 09:53:59,190 - mmseg - INFO - +--------+--------+--------+
2026-04-10 09:53:59,663 - mmseg - INFO - Epoch 17/150 | train_loss=0.179363 train_acc=92.9035 | val_loss=0.258046 val_acc=91.2075 | mIoU=83.88 mAcc=91.13 aAcc=91.19 | val_images=714 val_batches=45 | best_val_loss=0.233421 best_mIoU=0.8457 | early_stop_bad=3/10
2026-04-10 09:53:59,664 - mmseg - INFO - Saved epoch checkpoint: epoch_17.pth
2026-04-10 09:53:59,664 - mmseg - INFO - Updated latest.pth
2026-04-10 09:55:29,566 - mmseg - INFO - +-------+--------+--------+
2026-04-10 09:55:29,566 - mmseg - INFO - | Class |  IoU   |  Acc   |
2026-04-10 09:55:29,566 - mmseg - INFO - +-------+--------+--------+
2026-04-10 09:55:29,567 - mmseg - INFO - | 0     |  81.00 |  85.80 |
2026-04-10 09:55:29,567 - mmseg - INFO - | 1     |  79.04 |  88.06 |
2026-04-10 09:55:29,567 - mmseg - INFO - | 2     |  80.10 |  89.34 |
2026-04-10 09:55:29,567 - mmseg - INFO - | 3     |  82.64 |  92.01 |
2026-04-10 09:55:29,567 - mmseg - INFO - | 4     |  89.90 |  94.37 |
2026-04-10 09:55:29,567 - mmseg - INFO - | 5     |  94.16 |  97.47 |
2026-04-10 09:55:29,567 - mmseg - INFO - +-------+--------+--------+
2026-04-10 09:55:29,567 - mmseg - INFO - +--------+--------+--------+
2026-04-10 09:55:29,567 - mmseg - INFO - |  aAcc  |  mIoU  |  mAcc  |
2026-04-10 09:55:29,567 - mmseg - INFO - +--------+--------+--------+
2026-04-10 09:55:29,567 - mmseg - INFO - |  91.51 |  84.47 |  91.18 |
2026-04-10 09:55:29,567 - mmseg - INFO - +--------+--------+--------+
2026-04-10 09:55:30,130 - mmseg - INFO - Epoch 18/150 | train_loss=0.182246 train_acc=92.8631 | val_loss=0.235913 val_acc=91.5314 | mIoU=84.47 mAcc=91.18 aAcc=91.51 | val_images=714 val_batches=45 | best_val_loss=0.233421 best_mIoU=0.8457 | early_stop_bad=4/10
2026-04-10 09:55:30,130 - mmseg - INFO - Saved epoch checkpoint: epoch_18.pth
2026-04-10 09:55:30,130 - mmseg - INFO - Updated latest.pth
2026-04-10 09:56:56,377 - mmseg - INFO - +-------+--------+--------+
2026-04-10 09:56:56,378 - mmseg - INFO - | Class |  IoU   |  Acc   |
2026-04-10 09:56:56,378 - mmseg - INFO - +-------+--------+--------+
2026-04-10 09:56:56,378 - mmseg - INFO - | 0     |  81.29 |  88.49 |
2026-04-10 09:56:56,378 - mmseg - INFO - | 1     |  80.47 |  88.98 |
2026-04-10 09:56:56,378 - mmseg - INFO - | 2     |  81.82 |  90.47 |
2026-04-10 09:56:56,378 - mmseg - INFO - | 3     |  83.75 |  91.76 |
2026-04-10 09:56:56,378 - mmseg - INFO - | 4     |  91.50 |  95.31 |
2026-04-10 09:56:56,378 - mmseg - INFO - | 5     |  95.78 |  97.31 |
2026-04-10 09:56:56,378 - mmseg - INFO - +-------+--------+--------+
2026-04-10 09:56:56,378 - mmseg - INFO - +--------+--------+--------+
2026-04-10 09:56:56,378 - mmseg - INFO - |  aAcc  |  mIoU  |  mAcc  |
2026-04-10 09:56:56,378 - mmseg - INFO - +--------+--------+--------+
2026-04-10 09:56:56,378 - mmseg - INFO - |  92.25 |  85.77 |  92.05 |
2026-04-10 09:56:56,378 - mmseg - INFO - +--------+--------+--------+
2026-04-10 09:56:57,466 - mmseg - INFO - Epoch 19/150 | train_loss=0.169367 train_acc=93.2467 | val_loss=0.232313 val_acc=92.2577 | mIoU=85.77 mAcc=92.05 aAcc=92.25 | val_images=714 val_batches=45 | best_val_loss=0.232313 best_mIoU=0.8577 | early_stop_bad=0/10
2026-04-10 09:56:57,466 - mmseg - INFO - Saved epoch checkpoint: epoch_19.pth
2026-04-10 09:56:57,466 - mmseg - INFO - Updated latest.pth
2026-04-10 09:56:57,466 - mmseg - INFO - New best checkpoint: best_mIoU_epoch_19.pth
2026-04-10 09:58:26,002 - mmseg - INFO - +-------+--------+--------+
2026-04-10 09:58:26,002 - mmseg - INFO - | Class |  IoU   |  Acc   |
2026-04-10 09:58:26,002 - mmseg - INFO - +-------+--------+--------+
2026-04-10 09:58:26,002 - mmseg - INFO - | 0     |  81.20 |  86.90 |
2026-04-10 09:58:26,002 - mmseg - INFO - | 1     |  79.32 |  87.88 |
2026-04-10 09:58:26,002 - mmseg - INFO - | 2     |  80.64 |  91.24 |
2026-04-10 09:58:26,002 - mmseg - INFO - | 3     |  83.07 |  91.55 |
2026-04-10 09:58:26,002 - mmseg - INFO - | 4     |  91.17 |  94.78 |
2026-04-10 09:58:26,002 - mmseg - INFO - | 5     |  96.32 |  97.32 |
2026-04-10 09:58:26,002 - mmseg - INFO - +-------+--------+--------+
2026-04-10 09:58:26,002 - mmseg - INFO - +--------+--------+--------+
2026-04-10 09:58:26,002 - mmseg - INFO - |  aAcc  |  mIoU  |  mAcc  |
2026-04-10 09:58:26,002 - mmseg - INFO - +--------+--------+--------+
2026-04-10 09:58:26,002 - mmseg - INFO - |  91.93 |  85.29 |  91.61 |
2026-04-10 09:58:26,002 - mmseg - INFO - +--------+--------+--------+
2026-04-10 09:58:26,476 - mmseg - INFO - Epoch 20/150 | train_loss=0.177541 train_acc=93.0083 | val_loss=0.240143 val_acc=91.9389 | mIoU=85.29 mAcc=91.61 aAcc=91.93 | val_images=714 val_batches=45 | best_val_loss=0.232313 best_mIoU=0.8577 | early_stop_bad=1/10
2026-04-10 09:58:26,476 - mmseg - INFO - Saved epoch checkpoint: epoch_20.pth
2026-04-10 09:58:26,476 - mmseg - INFO - Updated latest.pth
2026-04-10 09:59:58,275 - mmseg - INFO - +-------+--------+--------+
2026-04-10 09:59:58,275 - mmseg - INFO - | Class |  IoU   |  Acc   |
2026-04-10 09:59:58,275 - mmseg - INFO - +-------+--------+--------+
2026-04-10 09:59:58,275 - mmseg - INFO - | 0     |  81.27 |  86.00 |
2026-04-10 09:59:58,275 - mmseg - INFO - | 1     |  78.09 |  90.00 |
2026-04-10 09:59:58,275 - mmseg - INFO - | 2     |  79.38 |  90.74 |
2026-04-10 09:59:58,275 - mmseg - INFO - | 3     |  82.57 |  91.68 |
2026-04-10 09:59:58,275 - mmseg - INFO - | 4     |  90.35 |  93.74 |
2026-04-10 09:59:58,275 - mmseg - INFO - | 5     |  95.43 |  95.99 |
2026-04-10 09:59:58,275 - mmseg - INFO - +-------+--------+--------+
2026-04-10 09:59:58,275 - mmseg - INFO - +--------+--------+--------+
2026-04-10 09:59:58,276 - mmseg - INFO - |  aAcc  |  mIoU  |  mAcc  |
2026-04-10 09:59:58,276 - mmseg - INFO - +--------+--------+--------+
2026-04-10 09:59:58,276 - mmseg - INFO - |  91.50 |  84.52 |  91.36 |
2026-04-10 09:59:58,276 - mmseg - INFO - +--------+--------+--------+
2026-04-10 09:59:58,821 - mmseg - INFO - Epoch 21/150 | train_loss=0.179677 train_acc=92.9708 | val_loss=0.250703 val_acc=91.5173 | mIoU=84.52 mAcc=91.36 aAcc=91.50 | val_images=714 val_batches=45 | best_val_loss=0.232313 best_mIoU=0.8577 | early_stop_bad=2/10
2026-04-10 09:59:58,821 - mmseg - INFO - Saved epoch checkpoint: epoch_21.pth
2026-04-10 09:59:58,821 - mmseg - INFO - Updated latest.pth
2026-04-10 10:01:30,019 - mmseg - INFO - +-------+--------+--------+
2026-04-10 10:01:30,019 - mmseg - INFO - | Class |  IoU   |  Acc   |
2026-04-10 10:01:30,019 - mmseg - INFO - +-------+--------+--------+
2026-04-10 10:01:30,019 - mmseg - INFO - | 0     |  81.46 |  87.46 |
2026-04-10 10:01:30,019 - mmseg - INFO - | 1     |  80.44 |  89.16 |
2026-04-10 10:01:30,019 - mmseg - INFO - | 2     |  80.54 |  89.72 |
2026-04-10 10:01:30,019 - mmseg - INFO - | 3     |  82.75 |  91.54 |
2026-04-10 10:01:30,019 - mmseg - INFO - | 4     |  91.08 |  94.99 |
2026-04-10 10:01:30,019 - mmseg - INFO - | 5     |  96.13 |  97.97 |
2026-04-10 10:01:30,019 - mmseg - INFO - +-------+--------+--------+
2026-04-10 10:01:30,019 - mmseg - INFO - +--------+--------+--------+
2026-04-10 10:01:30,019 - mmseg - INFO - |  aAcc  |  mIoU  |  mAcc  |
2026-04-10 10:01:30,019 - mmseg - INFO - +--------+--------+--------+
2026-04-10 10:01:30,019 - mmseg - INFO - |  91.90 |  85.40 |  91.81 |
2026-04-10 10:01:30,019 - mmseg - INFO - +--------+--------+--------+
2026-04-10 10:01:30,581 - mmseg - INFO - Epoch 22/150 | train_loss=0.173098 train_acc=93.1534 | val_loss=0.240218 val_acc=91.9131 | mIoU=85.40 mAcc=91.81 aAcc=91.90 | val_images=714 val_batches=45 | best_val_loss=0.232313 best_mIoU=0.8577 | early_stop_bad=3/10
2026-04-10 10:01:30,581 - mmseg - INFO - Saved epoch checkpoint: epoch_22.pth
2026-04-10 10:01:30,581 - mmseg - INFO - Updated latest.pth
2026-04-10 10:03:01,676 - mmseg - INFO - +-------+--------+--------+
2026-04-10 10:03:01,676 - mmseg - INFO - | Class |  IoU   |  Acc   |
2026-04-10 10:03:01,676 - mmseg - INFO - +-------+--------+--------+
2026-04-10 10:03:01,676 - mmseg - INFO - | 0     |  81.34 |  86.20 |
2026-04-10 10:03:01,676 - mmseg - INFO - | 1     |  80.26 |  90.00 |
2026-04-10 10:03:01,676 - mmseg - INFO - | 2     |  80.97 |  90.72 |
2026-04-10 10:03:01,676 - mmseg - INFO - | 3     |  83.34 |  92.07 |
2026-04-10 10:03:01,676 - mmseg - INFO - | 4     |  91.13 |  94.75 |
2026-04-10 10:03:01,676 - mmseg - INFO - | 5     |  95.46 |  97.50 |
2026-04-10 10:03:01,676 - mmseg - INFO - +-------+--------+--------+
2026-04-10 10:03:01,676 - mmseg - INFO - +--------+--------+--------+
2026-04-10 10:03:01,677 - mmseg - INFO - |  aAcc  |  mIoU  |  mAcc  |
2026-04-10 10:03:01,677 - mmseg - INFO - +--------+--------+--------+
2026-04-10 10:03:01,677 - mmseg - INFO - |  92.01 |  85.42 |  91.87 |
2026-04-10 10:03:01,677 - mmseg - INFO - +--------+--------+--------+
2026-04-10 10:03:02,145 - mmseg - INFO - Epoch 23/150 | train_loss=0.167888 train_acc=93.3386 | val_loss=0.234558 val_acc=92.0288 | mIoU=85.42 mAcc=91.87 aAcc=92.01 | val_images=714 val_batches=45 | best_val_loss=0.232313 best_mIoU=0.8577 | early_stop_bad=4/10
2026-04-10 10:03:02,145 - mmseg - INFO - Saved epoch checkpoint: epoch_23.pth
2026-04-10 10:03:02,145 - mmseg - INFO - Updated latest.pth
2026-04-10 10:04:28,812 - mmseg - INFO - +-------+--------+--------+
2026-04-10 10:04:28,812 - mmseg - INFO - | Class |  IoU   |  Acc   |
2026-04-10 10:04:28,812 - mmseg - INFO - +-------+--------+--------+
2026-04-10 10:04:28,812 - mmseg - INFO - | 0     |  81.39 |  86.23 |
2026-04-10 10:04:28,812 - mmseg - INFO - | 1     |  80.85 |  87.78 |
2026-04-10 10:04:28,812 - mmseg - INFO - | 2     |  81.00 |  89.65 |
2026-04-10 10:04:28,812 - mmseg - INFO - | 3     |  83.19 |  92.34 |
2026-04-10 10:04:28,812 - mmseg - INFO - | 4     |  90.98 |  95.68 |
2026-04-10 10:04:28,812 - mmseg - INFO - | 5     |  95.22 |  97.30 |
2026-04-10 10:04:28,812 - mmseg - INFO - +-------+--------+--------+
2026-04-10 10:04:28,812 - mmseg - INFO - +--------+--------+--------+
2026-04-10 10:04:28,812 - mmseg - INFO - |  aAcc  |  mIoU  |  mAcc  |
2026-04-10 10:04:28,812 - mmseg - INFO - +--------+--------+--------+
2026-04-10 10:04:28,812 - mmseg - INFO - |  91.99 |  85.44 |  91.50 |
2026-04-10 10:04:28,812 - mmseg - INFO - +--------+--------+--------+
2026-04-10 10:04:29,273 - mmseg - INFO - Epoch 24/150 | train_loss=0.159026 train_acc=93.5793 | val_loss=0.243993 val_acc=92.0082 | mIoU=85.44 mAcc=91.50 aAcc=91.99 | val_images=714 val_batches=45 | best_val_loss=0.232313 best_mIoU=0.8577 | early_stop_bad=5/10
2026-04-10 10:04:29,273 - mmseg - INFO - Saved epoch checkpoint: epoch_24.pth
2026-04-10 10:04:29,273 - mmseg - INFO - Updated latest.pth
2026-04-10 10:05:55,573 - mmseg - INFO - +-------+--------+--------+
2026-04-10 10:05:55,573 - mmseg - INFO - | Class |  IoU   |  Acc   |
2026-04-10 10:05:55,573 - mmseg - INFO - +-------+--------+--------+
2026-04-10 10:05:55,573 - mmseg - INFO - | 0     |  81.23 |  85.22 |
2026-04-10 10:05:55,573 - mmseg - INFO - | 1     |  79.55 |  86.79 |
2026-04-10 10:05:55,573 - mmseg - INFO - | 2     |  80.49 |  89.82 |
2026-04-10 10:05:55,573 - mmseg - INFO - | 3     |  82.75 |  92.20 |
2026-04-10 10:05:55,573 - mmseg - INFO - | 4     |  90.59 |  95.26 |
2026-04-10 10:05:55,573 - mmseg - INFO - | 5     |  95.28 |  97.98 |
2026-04-10 10:05:55,573 - mmseg - INFO - +-------+--------+--------+
2026-04-10 10:05:55,573 - mmseg - INFO - +--------+--------+--------+
2026-04-10 10:05:55,573 - mmseg - INFO - |  aAcc  |  mIoU  |  mAcc  |
2026-04-10 10:05:55,573 - mmseg - INFO - +--------+--------+--------+
2026-04-10 10:05:55,573 - mmseg - INFO - |  91.76 |  84.98 |  91.21 |
2026-04-10 10:05:55,573 - mmseg - INFO - +--------+--------+--------+
2026-04-10 10:05:56,045 - mmseg - INFO - Epoch 25/150 | train_loss=0.171160 train_acc=93.2117 | val_loss=0.238160 val_acc=91.7773 | mIoU=84.98 mAcc=91.21 aAcc=91.76 | val_images=714 val_batches=45 | best_val_loss=0.232313 best_mIoU=0.8577 | early_stop_bad=6/10
2026-04-10 10:05:56,045 - mmseg - INFO - Saved epoch checkpoint: epoch_25.pth
2026-04-10 10:05:56,045 - mmseg - INFO - Updated latest.pth
2026-04-10 10:07:26,592 - mmseg - INFO - +-------+--------+--------+
2026-04-10 10:07:26,592 - mmseg - INFO - | Class |  IoU   |  Acc   |
2026-04-10 10:07:26,592 - mmseg - INFO - +-------+--------+--------+
2026-04-10 10:07:26,592 - mmseg - INFO - | 0     |  81.66 |  87.67 |
2026-04-10 10:07:26,592 - mmseg - INFO - | 1     |  79.96 |  89.51 |
2026-04-10 10:07:26,592 - mmseg - INFO - | 2     |  80.70 |  90.09 |
2026-04-10 10:07:26,592 - mmseg - INFO - | 3     |  82.82 |  91.55 |
2026-04-10 10:07:26,592 - mmseg - INFO - | 4     |  90.33 |  94.43 |
2026-04-10 10:07:26,592 - mmseg - INFO - | 5     |  94.61 |  96.55 |
2026-04-10 10:07:26,592 - mmseg - INFO - +-------+--------+--------+
2026-04-10 10:07:26,592 - mmseg - INFO - +--------+--------+--------+
2026-04-10 10:07:26,592 - mmseg - INFO - |  aAcc  |  mIoU  |  mAcc  |
2026-04-10 10:07:26,592 - mmseg - INFO - +--------+--------+--------+
2026-04-10 10:07:26,592 - mmseg - INFO - |  91.76 |  85.01 |  91.63 |
2026-04-10 10:07:26,592 - mmseg - INFO - +--------+--------+--------+
2026-04-10 10:07:27,064 - mmseg - INFO - Epoch 26/150 | train_loss=0.169551 train_acc=93.2622 | val_loss=0.245704 val_acc=91.7751 | mIoU=85.01 mAcc=91.63 aAcc=91.76 | val_images=714 val_batches=45 | best_val_loss=0.232313 best_mIoU=0.8577 | early_stop_bad=7/10
2026-04-10 10:07:27,064 - mmseg - INFO - Saved epoch checkpoint: epoch_26.pth
2026-04-10 10:07:27,064 - mmseg - INFO - Updated latest.pth
2026-04-10 10:08:55,725 - mmseg - INFO - +-------+--------+--------+
2026-04-10 10:08:55,725 - mmseg - INFO - | Class |  IoU   |  Acc   |
2026-04-10 10:08:55,725 - mmseg - INFO - +-------+--------+--------+
2026-04-10 10:08:55,725 - mmseg - INFO - | 0     |  81.63 |  88.26 |
2026-04-10 10:08:55,725 - mmseg - INFO - | 1     |  79.59 |  90.12 |
2026-04-10 10:08:55,725 - mmseg - INFO - | 2     |  80.92 |  90.12 |
2026-04-10 10:08:55,725 - mmseg - INFO - | 3     |  83.12 |  91.01 |
2026-04-10 10:08:55,725 - mmseg - INFO - | 4     |  91.02 |  95.19 |
2026-04-10 10:08:55,725 - mmseg - INFO - | 5     |  95.48 |  97.52 |
2026-04-10 10:08:55,725 - mmseg - INFO - +-------+--------+--------+
2026-04-10 10:08:55,725 - mmseg - INFO - +--------+--------+--------+
2026-04-10 10:08:55,725 - mmseg - INFO - |  aAcc  |  mIoU  |  mAcc  |
2026-04-10 10:08:55,725 - mmseg - INFO - +--------+--------+--------+
2026-04-10 10:08:55,725 - mmseg - INFO - |  91.96 |  85.29 |  92.04 |
2026-04-10 10:08:55,725 - mmseg - INFO - +--------+--------+--------+
2026-04-10 10:08:56,186 - mmseg - INFO - Epoch 27/150 | train_loss=0.164713 train_acc=93.3955 | val_loss=0.233025 val_acc=91.9751 | mIoU=85.29 mAcc=92.04 aAcc=91.96 | val_images=714 val_batches=45 | best_val_loss=0.232313 best_mIoU=0.8577 | early_stop_bad=8/10
2026-04-10 10:08:56,186 - mmseg - INFO - Saved epoch checkpoint: epoch_27.pth
2026-04-10 10:08:56,186 - mmseg - INFO - Updated latest.pth
2026-04-10 10:10:22,780 - mmseg - INFO - +-------+--------+--------+
2026-04-10 10:10:22,780 - mmseg - INFO - | Class |  IoU   |  Acc   |
2026-04-10 10:10:22,780 - mmseg - INFO - +-------+--------+--------+
2026-04-10 10:10:22,780 - mmseg - INFO - | 0     |  81.65 |  86.55 |
2026-04-10 10:10:22,780 - mmseg - INFO - | 1     |  80.91 |  89.55 |
2026-04-10 10:10:22,780 - mmseg - INFO - | 2     |  81.65 |  90.82 |
2026-04-10 10:10:22,780 - mmseg - INFO - | 3     |  83.78 |  92.33 |
2026-04-10 10:10:22,780 - mmseg - INFO - | 4     |  91.72 |  95.49 |
2026-04-10 10:10:22,780 - mmseg - INFO - | 5     |  96.02 |  97.66 |
2026-04-10 10:10:22,780 - mmseg - INFO - +-------+--------+--------+
2026-04-10 10:10:22,780 - mmseg - INFO - +--------+--------+--------+
2026-04-10 10:10:22,780 - mmseg - INFO - |  aAcc  |  mIoU  |  mAcc  |
2026-04-10 10:10:22,780 - mmseg - INFO - +--------+--------+--------+
2026-04-10 10:10:22,780 - mmseg - INFO - |  92.32 |  85.95 |  92.06 |
2026-04-10 10:10:22,780 - mmseg - INFO - +--------+--------+--------+
2026-04-10 10:10:23,852 - mmseg - INFO - Epoch 28/150 | train_loss=0.163360 train_acc=93.4562 | val_loss=0.222492 val_acc=92.3305 | mIoU=85.95 mAcc=92.06 aAcc=92.32 | val_images=714 val_batches=45 | best_val_loss=0.222492 best_mIoU=0.8595 | early_stop_bad=0/10
2026-04-10 10:10:23,852 - mmseg - INFO - Saved epoch checkpoint: epoch_28.pth
2026-04-10 10:10:23,852 - mmseg - INFO - Updated latest.pth
2026-04-10 10:10:23,852 - mmseg - INFO - New best checkpoint: best_mIoU_epoch_28.pth
2026-04-10 10:11:52,275 - mmseg - INFO - +-------+--------+--------+
2026-04-10 10:11:52,276 - mmseg - INFO - | Class |  IoU   |  Acc   |
2026-04-10 10:11:52,276 - mmseg - INFO - +-------+--------+--------+
2026-04-10 10:11:52,276 - mmseg - INFO - | 0     |  81.65 |  87.81 |
2026-04-10 10:11:52,276 - mmseg - INFO - | 1     |  80.21 |  90.54 |
2026-04-10 10:11:52,276 - mmseg - INFO - | 2     |  81.41 |  90.05 |
2026-04-10 10:11:52,276 - mmseg - INFO - | 3     |  83.54 |  91.74 |
2026-04-10 10:11:52,276 - mmseg - INFO - | 4     |  91.55 |  95.57 |
2026-04-10 10:11:52,276 - mmseg - INFO - | 5     |  95.46 |  97.01 |
2026-04-10 10:11:52,276 - mmseg - INFO - +-------+--------+--------+
2026-04-10 10:11:52,276 - mmseg - INFO - +--------+--------+--------+
2026-04-10 10:11:52,276 - mmseg - INFO - |  aAcc  |  mIoU  |  mAcc  |
2026-04-10 10:11:52,276 - mmseg - INFO - +--------+--------+--------+
2026-04-10 10:11:52,276 - mmseg - INFO - |  92.17 |  85.63 |  92.12 |
2026-04-10 10:11:52,276 - mmseg - INFO - +--------+--------+--------+
2026-04-10 10:11:52,761 - mmseg - INFO - Epoch 29/150 | train_loss=0.163366 train_acc=93.5027 | val_loss=0.236112 val_acc=92.1885 | mIoU=85.63 mAcc=92.12 aAcc=92.17 | val_images=714 val_batches=45 | best_val_loss=0.222492 best_mIoU=0.8595 | early_stop_bad=1/10
2026-04-10 10:11:52,761 - mmseg - INFO - Saved epoch checkpoint: epoch_29.pth
2026-04-10 10:11:52,761 - mmseg - INFO - Updated latest.pth
2026-04-10 10:13:18,894 - mmseg - INFO - +-------+--------+--------+
2026-04-10 10:13:18,894 - mmseg - INFO - | Class |  IoU   |  Acc   |
2026-04-10 10:13:18,894 - mmseg - INFO - +-------+--------+--------+
2026-04-10 10:13:18,894 - mmseg - INFO - | 0     |  81.36 |  86.35 |
2026-04-10 10:13:18,894 - mmseg - INFO - | 1     |  81.45 |  89.51 |
2026-04-10 10:13:18,894 - mmseg - INFO - | 2     |  81.50 |  91.29 |
2026-04-10 10:13:18,894 - mmseg - INFO - | 3     |  83.47 |  92.09 |
2026-04-10 10:13:18,894 - mmseg - INFO - | 4     |  91.46 |  95.29 |
2026-04-10 10:13:18,894 - mmseg - INFO - | 5     |  95.96 |  97.07 |
2026-04-10 10:13:18,894 - mmseg - INFO - +-------+--------+--------+
2026-04-10 10:13:18,894 - mmseg - INFO - +--------+--------+--------+
2026-04-10 10:13:18,894 - mmseg - INFO - |  aAcc  |  mIoU  |  mAcc  |
2026-04-10 10:13:18,894 - mmseg - INFO - +--------+--------+--------+
2026-04-10 10:13:18,894 - mmseg - INFO - |  92.20 |  85.87 |  91.93 |
2026-04-10 10:13:18,894 - mmseg - INFO - +--------+--------+--------+
2026-04-10 10:13:19,372 - mmseg - INFO - Epoch 30/150 | train_loss=0.159032 train_acc=93.6087 | val_loss=0.223266 val_acc=92.2110 | mIoU=85.87 mAcc=91.93 aAcc=92.20 | val_images=714 val_batches=45 | best_val_loss=0.222492 best_mIoU=0.8595 | early_stop_bad=2/10
2026-04-10 10:13:19,372 - mmseg - INFO - Saved epoch checkpoint: epoch_30.pth
2026-04-10 10:13:19,372 - mmseg - INFO - Updated latest.pth
2026-04-10 10:14:45,301 - mmseg - INFO - +-------+--------+--------+
2026-04-10 10:14:45,301 - mmseg - INFO - | Class |  IoU   |  Acc   |
2026-04-10 10:14:45,301 - mmseg - INFO - +-------+--------+--------+
2026-04-10 10:14:45,302 - mmseg - INFO - | 0     |  81.86 |  87.23 |
2026-04-10 10:14:45,302 - mmseg - INFO - | 1     |  82.25 |  90.45 |
2026-04-10 10:14:45,302 - mmseg - INFO - | 2     |  82.74 |  91.29 |
2026-04-10 10:14:45,302 - mmseg - INFO - | 3     |  84.41 |  92.61 |
2026-04-10 10:14:45,302 - mmseg - INFO - | 4     |  92.21 |  95.86 |
2026-04-10 10:14:45,302 - mmseg - INFO - | 5     |  96.50 |  97.46 |
2026-04-10 10:14:45,302 - mmseg - INFO - +-------+--------+--------+
2026-04-10 10:14:45,302 - mmseg - INFO - +--------+--------+--------+
2026-04-10 10:14:45,302 - mmseg - INFO - |  aAcc  |  mIoU  |  mAcc  |
2026-04-10 10:14:45,302 - mmseg - INFO - +--------+--------+--------+
2026-04-10 10:14:45,302 - mmseg - INFO - |  92.69 |  86.66 |  92.48 |
2026-04-10 10:14:45,302 - mmseg - INFO - +--------+--------+--------+
2026-04-10 10:14:46,416 - mmseg - INFO - Epoch 31/150 | train_loss=0.154171 train_acc=93.7692 | val_loss=0.210444 val_acc=92.7040 | mIoU=86.66 mAcc=92.48 aAcc=92.69 | val_images=714 val_batches=45 | best_val_loss=0.210444 best_mIoU=0.8666 | early_stop_bad=0/10
2026-04-10 10:14:46,416 - mmseg - INFO - Saved epoch checkpoint: epoch_31.pth
2026-04-10 10:14:46,416 - mmseg - INFO - Updated latest.pth
2026-04-10 10:14:46,416 - mmseg - INFO - New best checkpoint: best_mIoU_epoch_31.pth
2026-04-10 10:16:12,938 - mmseg - INFO - +-------+--------+--------+
2026-04-10 10:16:12,938 - mmseg - INFO - | Class |  IoU   |  Acc   |
2026-04-10 10:16:12,938 - mmseg - INFO - +-------+--------+--------+
2026-04-10 10:16:12,938 - mmseg - INFO - | 0     |  81.48 |  85.94 |
2026-04-10 10:16:12,938 - mmseg - INFO - | 1     |  81.55 |  88.93 |
2026-04-10 10:16:12,938 - mmseg - INFO - | 2     |  80.54 |  88.66 |
2026-04-10 10:16:12,938 - mmseg - INFO - | 3     |  82.39 |  91.76 |
2026-04-10 10:16:12,938 - mmseg - INFO - | 4     |  88.94 |  94.38 |
2026-04-10 10:16:12,938 - mmseg - INFO - | 5     |  93.23 |  98.59 |
2026-04-10 10:16:12,938 - mmseg - INFO - +-------+--------+--------+
2026-04-10 10:16:12,938 - mmseg - INFO - +--------+--------+--------+
2026-04-10 10:16:12,938 - mmseg - INFO - |  aAcc  |  mIoU  |  mAcc  |
2026-04-10 10:16:12,938 - mmseg - INFO - +--------+--------+--------+
2026-04-10 10:16:12,938 - mmseg - INFO - |  91.48 |  84.69 |  91.38 |
2026-04-10 10:16:12,938 - mmseg - INFO - +--------+--------+--------+
2026-04-10 10:16:13,488 - mmseg - INFO - Epoch 32/150 | train_loss=0.150288 train_acc=93.8515 | val_loss=0.266734 val_acc=91.5027 | mIoU=84.69 mAcc=91.38 aAcc=91.48 | val_images=714 val_batches=45 | best_val_loss=0.210444 best_mIoU=0.8666 | early_stop_bad=1/10
2026-04-10 10:16:13,488 - mmseg - INFO - Saved epoch checkpoint: epoch_32.pth
2026-04-10 10:16:13,488 - mmseg - INFO - Updated latest.pth
2026-04-10 10:17:41,000 - mmseg - INFO - +-------+--------+--------+
2026-04-10 10:17:41,000 - mmseg - INFO - | Class |  IoU   |  Acc   |
2026-04-10 10:17:41,000 - mmseg - INFO - +-------+--------+--------+
2026-04-10 10:17:41,000 - mmseg - INFO - | 0     |  81.71 |  86.96 |
2026-04-10 10:17:41,000 - mmseg - INFO - | 1     |  80.41 |  90.99 |
2026-04-10 10:17:41,000 - mmseg - INFO - | 2     |  81.19 |  91.46 |
2026-04-10 10:17:41,000 - mmseg - INFO - | 3     |  83.74 |  91.95 |
2026-04-10 10:17:41,001 - mmseg - INFO - | 4     |  91.45 |  94.67 |
2026-04-10 10:17:41,001 - mmseg - INFO - | 5     |  95.91 |  97.02 |
2026-04-10 10:17:41,001 - mmseg - INFO - +-------+--------+--------+
2026-04-10 10:17:41,001 - mmseg - INFO - +--------+--------+--------+
2026-04-10 10:17:41,001 - mmseg - INFO - |  aAcc  |  mIoU  |  mAcc  |
2026-04-10 10:17:41,001 - mmseg - INFO - +--------+--------+--------+
2026-04-10 10:17:41,001 - mmseg - INFO - |  92.20 |  85.74 |  92.18 |
2026-04-10 10:17:41,001 - mmseg - INFO - +--------+--------+--------+
2026-04-10 10:17:41,469 - mmseg - INFO - Epoch 33/150 | train_loss=0.179949 train_acc=92.9392 | val_loss=0.229376 val_acc=92.2142 | mIoU=85.74 mAcc=92.18 aAcc=92.20 | val_images=714 val_batches=45 | best_val_loss=0.210444 best_mIoU=0.8666 | early_stop_bad=2/10
2026-04-10 10:17:41,469 - mmseg - INFO - Saved epoch checkpoint: epoch_33.pth
2026-04-10 10:17:41,469 - mmseg - INFO - Updated latest.pth
2026-04-10 10:19:13,095 - mmseg - INFO - +-------+--------+--------+
2026-04-10 10:19:13,095 - mmseg - INFO - | Class |  IoU   |  Acc   |
2026-04-10 10:19:13,096 - mmseg - INFO - +-------+--------+--------+
2026-04-10 10:19:13,096 - mmseg - INFO - | 0     |  81.75 |  86.79 |
2026-04-10 10:19:13,096 - mmseg - INFO - | 1     |  81.47 |  90.43 |
2026-04-10 10:19:13,096 - mmseg - INFO - | 2     |  81.78 |  90.09 |
2026-04-10 10:19:13,096 - mmseg - INFO - | 3     |  83.87 |  92.56 |
2026-04-10 10:19:13,096 - mmseg - INFO - | 4     |  91.61 |  95.38 |
2026-04-10 10:19:13,096 - mmseg - INFO - | 5     |  95.69 |  98.00 |
2026-04-10 10:19:13,096 - mmseg - INFO - +-------+--------+--------+
2026-04-10 10:19:13,096 - mmseg - INFO - +--------+--------+--------+
2026-04-10 10:19:13,096 - mmseg - INFO - |  aAcc  |  mIoU  |  mAcc  |
2026-04-10 10:19:13,096 - mmseg - INFO - +--------+--------+--------+
2026-04-10 10:19:13,096 - mmseg - INFO - |  92.35 |  86.03 |  92.21 |
2026-04-10 10:19:13,096 - mmseg - INFO - +--------+--------+--------+
2026-04-10 10:19:13,571 - mmseg - INFO - Epoch 34/150 | train_loss=0.156349 train_acc=93.7023 | val_loss=0.234456 val_acc=92.3626 | mIoU=86.03 mAcc=92.21 aAcc=92.35 | val_images=714 val_batches=45 | best_val_loss=0.210444 best_mIoU=0.8666 | early_stop_bad=3/10
2026-04-10 10:19:13,571 - mmseg - INFO - Saved epoch checkpoint: epoch_34.pth
2026-04-10 10:19:13,571 - mmseg - INFO - Updated latest.pth
2026-04-10 10:20:40,126 - mmseg - INFO - +-------+--------+--------+
2026-04-10 10:20:40,127 - mmseg - INFO - | Class |  IoU   |  Acc   |
2026-04-10 10:20:40,127 - mmseg - INFO - +-------+--------+--------+
2026-04-10 10:20:40,127 - mmseg - INFO - | 0     |  81.41 |  85.84 |
2026-04-10 10:20:40,127 - mmseg - INFO - | 1     |  81.26 |  90.19 |
2026-04-10 10:20:40,127 - mmseg - INFO - | 2     |  81.15 |  90.40 |
2026-04-10 10:20:40,127 - mmseg - INFO - | 3     |  83.02 |  92.10 |
2026-04-10 10:20:40,127 - mmseg - INFO - | 4     |  90.23 |  94.56 |
2026-04-10 10:20:40,127 - mmseg - INFO - | 5     |  94.94 |  97.45 |
2026-04-10 10:20:40,127 - mmseg - INFO - +-------+--------+--------+
2026-04-10 10:20:40,127 - mmseg - INFO - +--------+--------+--------+
2026-04-10 10:20:40,127 - mmseg - INFO - |  aAcc  |  mIoU  |  mAcc  |
2026-04-10 10:20:40,127 - mmseg - INFO - +--------+--------+--------+
2026-04-10 10:20:40,127 - mmseg - INFO - |  91.88 |  85.33 |  91.76 |
2026-04-10 10:20:40,127 - mmseg - INFO - +--------+--------+--------+
2026-04-10 10:20:40,687 - mmseg - INFO - Epoch 35/150 | train_loss=0.165141 train_acc=93.4019 | val_loss=0.227335 val_acc=91.8944 | mIoU=85.33 mAcc=91.76 aAcc=91.88 | val_images=714 val_batches=45 | best_val_loss=0.210444 best_mIoU=0.8666 | early_stop_bad=4/10
2026-04-10 10:20:40,687 - mmseg - INFO - Saved epoch checkpoint: epoch_35.pth
2026-04-10 10:20:40,687 - mmseg - INFO - Updated latest.pth
2026-04-10 10:22:12,151 - mmseg - INFO - +-------+--------+--------+
2026-04-10 10:22:12,151 - mmseg - INFO - | Class |  IoU   |  Acc   |
2026-04-10 10:22:12,151 - mmseg - INFO - +-------+--------+--------+
2026-04-10 10:22:12,151 - mmseg - INFO - | 0     |  81.89 |  87.03 |
2026-04-10 10:22:12,151 - mmseg - INFO - | 1     |  81.35 |  90.25 |
2026-04-10 10:22:12,151 - mmseg - INFO - | 2     |  82.04 |  90.90 |
2026-04-10 10:22:12,151 - mmseg - INFO - | 3     |  83.68 |  92.00 |
2026-04-10 10:22:12,151 - mmseg - INFO - | 4     |  90.73 |  94.91 |
2026-04-10 10:22:12,152 - mmseg - INFO - | 5     |  94.84 |  97.65 |
2026-04-10 10:22:12,152 - mmseg - INFO - +-------+--------+--------+
2026-04-10 10:22:12,152 - mmseg - INFO - +--------+--------+--------+
2026-04-10 10:22:12,152 - mmseg - INFO - |  aAcc  |  mIoU  |  mAcc  |
2026-04-10 10:22:12,152 - mmseg - INFO - +--------+--------+--------+
2026-04-10 10:22:12,152 - mmseg - INFO - |  92.20 |  85.75 |  92.12 |
2026-04-10 10:22:12,152 - mmseg - INFO - +--------+--------+--------+
2026-04-10 10:22:12,634 - mmseg - INFO - Epoch 36/150 | train_loss=0.154506 train_acc=93.7640 | val_loss=0.220834 val_acc=92.2153 | mIoU=85.75 mAcc=92.12 aAcc=92.20 | val_images=714 val_batches=45 | best_val_loss=0.210444 best_mIoU=0.8666 | early_stop_bad=5/10
2026-04-10 10:22:12,634 - mmseg - INFO - Saved epoch checkpoint: epoch_36.pth
2026-04-10 10:22:12,634 - mmseg - INFO - Updated latest.pth
2026-04-10 10:23:39,379 - mmseg - INFO - +-------+--------+--------+
2026-04-10 10:23:39,379 - mmseg - INFO - | Class |  IoU   |  Acc   |
2026-04-10 10:23:39,379 - mmseg - INFO - +-------+--------+--------+
2026-04-10 10:23:39,379 - mmseg - INFO - | 0     |  81.02 |  89.19 |
2026-04-10 10:23:39,379 - mmseg - INFO - | 1     |  23.54 |  24.64 |
2026-04-10 10:23:39,379 - mmseg - INFO - | 2     |  47.13 |  60.91 |
2026-04-10 10:23:39,379 - mmseg - INFO - | 3     |  58.49 |  74.81 |
2026-04-10 10:23:39,379 - mmseg - INFO - | 4     |  65.61 |  82.87 |
2026-04-10 10:23:39,379 - mmseg - INFO - | 5     |  77.02 |  97.96 |
2026-04-10 10:23:39,379 - mmseg - INFO - +-------+--------+--------+
2026-04-10 10:23:39,379 - mmseg - INFO - +--------+--------+--------+
2026-04-10 10:23:39,379 - mmseg - INFO - |  aAcc  |  mIoU  |  mAcc  |
2026-04-10 10:23:39,379 - mmseg - INFO - +--------+--------+--------+
2026-04-10 10:23:39,379 - mmseg - INFO - |  75.89 |  58.80 |  71.73 |
2026-04-10 10:23:39,379 - mmseg - INFO - +--------+--------+--------+
2026-04-10 10:23:39,856 - mmseg - INFO - Epoch 37/150 | train_loss=0.153792 train_acc=93.7690 | val_loss=1.133707 val_acc=75.9678 | mIoU=58.80 mAcc=71.73 aAcc=75.89 | val_images=714 val_batches=45 | best_val_loss=0.210444 best_mIoU=0.8666 | early_stop_bad=6/10
2026-04-10 10:23:39,856 - mmseg - INFO - Saved epoch checkpoint: epoch_37.pth
2026-04-10 10:23:39,856 - mmseg - INFO - Updated latest.pth
2026-04-10 10:25:07,677 - mmseg - INFO - +-------+--------+--------+
2026-04-10 10:25:07,677 - mmseg - INFO - | Class |  IoU   |  Acc   |
2026-04-10 10:25:07,677 - mmseg - INFO - +-------+--------+--------+
2026-04-10 10:25:07,677 - mmseg - INFO - | 0     |  81.79 |  87.40 |
2026-04-10 10:25:07,677 - mmseg - INFO - | 1     |  80.49 |  88.62 |
2026-04-10 10:25:07,677 - mmseg - INFO - | 2     |  81.67 |  90.83 |
2026-04-10 10:25:07,677 - mmseg - INFO - | 3     |  83.48 |  92.04 |
2026-04-10 10:25:07,677 - mmseg - INFO - | 4     |  90.96 |  94.94 |
2026-04-10 10:25:07,677 - mmseg - INFO - | 5     |  95.61 |  97.33 |
2026-04-10 10:25:07,677 - mmseg - INFO - +-------+--------+--------+
2026-04-10 10:25:07,677 - mmseg - INFO - +--------+--------+--------+
2026-04-10 10:25:07,677 - mmseg - INFO - |  aAcc  |  mIoU  |  mAcc  |
2026-04-10 10:25:07,677 - mmseg - INFO - +--------+--------+--------+
2026-04-10 10:25:07,677 - mmseg - INFO - |  92.15 |  85.67 |  91.86 |
2026-04-10 10:25:07,677 - mmseg - INFO - +--------+--------+--------+
2026-04-10 10:25:08,239 - mmseg - INFO - Epoch 38/150 | train_loss=0.167055 train_acc=93.3346 | val_loss=0.225509 val_acc=92.1639 | mIoU=85.67 mAcc=91.86 aAcc=92.15 | val_images=714 val_batches=45 | best_val_loss=0.210444 best_mIoU=0.8666 | early_stop_bad=7/10
2026-04-10 10:25:08,239 - mmseg - INFO - Saved epoch checkpoint: epoch_38.pth
2026-04-10 10:25:08,240 - mmseg - INFO - Updated latest.pth
2026-04-10 10:26:35,326 - mmseg - INFO - +-------+--------+--------+
2026-04-10 10:26:35,326 - mmseg - INFO - | Class |  IoU   |  Acc   |
2026-04-10 10:26:35,326 - mmseg - INFO - +-------+--------+--------+
2026-04-10 10:26:35,326 - mmseg - INFO - | 0     |  81.85 |  86.62 |
2026-04-10 10:26:35,326 - mmseg - INFO - | 1     |  82.06 |  90.73 |
2026-04-10 10:26:35,326 - mmseg - INFO - | 2     |  81.88 |  91.77 |
2026-04-10 10:26:35,326 - mmseg - INFO - | 3     |  83.75 |  92.26 |
2026-04-10 10:26:35,326 - mmseg - INFO - | 4     |  91.78 |  95.14 |
2026-04-10 10:26:35,327 - mmseg - INFO - | 5     |  96.08 |  96.95 |
2026-04-10 10:26:35,327 - mmseg - INFO - +-------+--------+--------+
2026-04-10 10:26:35,327 - mmseg - INFO - +--------+--------+--------+
2026-04-10 10:26:35,327 - mmseg - INFO - |  aAcc  |  mIoU  |  mAcc  |
2026-04-10 10:26:35,327 - mmseg - INFO - +--------+--------+--------+
2026-04-10 10:26:35,327 - mmseg - INFO - |  92.39 |  86.24 |  92.24 |
2026-04-10 10:26:35,327 - mmseg - INFO - +--------+--------+--------+
2026-04-10 10:26:35,809 - mmseg - INFO - Epoch 39/150 | train_loss=0.152026 train_acc=93.8425 | val_loss=0.224587 val_acc=92.4027 | mIoU=86.24 mAcc=92.24 aAcc=92.39 | val_images=714 val_batches=45 | best_val_loss=0.210444 best_mIoU=0.8666 | early_stop_bad=8/10
2026-04-10 10:26:35,809 - mmseg - INFO - Saved epoch checkpoint: epoch_39.pth
2026-04-10 10:26:35,809 - mmseg - INFO - Updated latest.pth
2026-04-10 10:28:04,201 - mmseg - INFO - +-------+--------+--------+
2026-04-10 10:28:04,201 - mmseg - INFO - | Class |  IoU   |  Acc   |
2026-04-10 10:28:04,201 - mmseg - INFO - +-------+--------+--------+
2026-04-10 10:28:04,201 - mmseg - INFO - | 0     |  81.97 |  87.26 |
2026-04-10 10:28:04,201 - mmseg - INFO - | 1     |  82.27 |  90.59 |
2026-04-10 10:28:04,201 - mmseg - INFO - | 2     |  82.46 |  91.58 |
2026-04-10 10:28:04,201 - mmseg - INFO - | 3     |  84.02 |  92.24 |
2026-04-10 10:28:04,201 - mmseg - INFO - | 4     |  91.44 |  95.01 |
2026-04-10 10:28:04,201 - mmseg - INFO - | 5     |  95.51 |  97.53 |
2026-04-10 10:28:04,201 - mmseg - INFO - +-------+--------+--------+
2026-04-10 10:28:04,201 - mmseg - INFO - +--------+--------+--------+
2026-04-10 10:28:04,201 - mmseg - INFO - |  aAcc  |  mIoU  |  mAcc  |
2026-04-10 10:28:04,201 - mmseg - INFO - +--------+--------+--------+
2026-04-10 10:28:04,201 - mmseg - INFO - |  92.46 |  86.28 |  92.37 |
2026-04-10 10:28:04,201 - mmseg - INFO - +--------+--------+--------+
2026-04-10 10:28:04,862 - mmseg - INFO - Epoch 40/150 | train_loss=0.149099 train_acc=93.9209 | val_loss=0.227826 val_acc=92.4677 | mIoU=86.28 mAcc=92.37 aAcc=92.46 | val_images=714 val_batches=45 | best_val_loss=0.210444 best_mIoU=0.8666 | early_stop_bad=9/10
2026-04-10 10:28:04,862 - mmseg - INFO - Saved epoch checkpoint: epoch_40.pth
2026-04-10 10:28:04,862 - mmseg - INFO - Updated latest.pth
2026-04-10 10:29:33,836 - mmseg - INFO - +-------+--------+--------+
2026-04-10 10:29:33,837 - mmseg - INFO - | Class |  IoU   |  Acc   |
2026-04-10 10:29:33,837 - mmseg - INFO - +-------+--------+--------+
2026-04-10 10:29:33,837 - mmseg - INFO - | 0     |  81.71 |  85.75 |
2026-04-10 10:29:33,837 - mmseg - INFO - | 1     |  81.84 |  89.50 |
2026-04-10 10:29:33,837 - mmseg - INFO - | 2     |  82.29 |  90.90 |
2026-04-10 10:29:33,837 - mmseg - INFO - | 3     |  84.43 |  93.62 |
2026-04-10 10:29:33,837 - mmseg - INFO - | 4     |  92.47 |  95.54 |
2026-04-10 10:29:33,837 - mmseg - INFO - | 5     |  96.62 |  97.82 |
2026-04-10 10:29:33,837 - mmseg - INFO - +-------+--------+--------+
2026-04-10 10:29:33,837 - mmseg - INFO - +--------+--------+--------+
2026-04-10 10:29:33,837 - mmseg - INFO - |  aAcc  |  mIoU  |  mAcc  |
2026-04-10 10:29:33,837 - mmseg - INFO - +--------+--------+--------+
2026-04-10 10:29:33,837 - mmseg - INFO - |  92.66 |  86.56 |  92.19 |
2026-04-10 10:29:33,837 - mmseg - INFO - +--------+--------+--------+
2026-04-10 10:29:34,323 - mmseg - INFO - Epoch 41/150 | train_loss=0.160398 train_acc=93.6132 | val_loss=0.220452 val_acc=92.6722 | mIoU=86.56 mAcc=92.19 aAcc=92.66 | val_images=714 val_batches=45 | best_val_loss=0.210444 best_mIoU=0.8666 | early_stop_bad=10/10
2026-04-10 10:29:34,323 - mmseg - INFO - Saved epoch checkpoint: epoch_41.pth
2026-04-10 10:29:34,323 - mmseg - INFO - Updated latest.pth
2026-04-10 10:29:34,323 - mmseg - INFO - [EarlyStopping] Stop triggered at epoch=41
2026-04-10 10:29:34,323 - mmseg - INFO - Training finished
2026-04-10 10:29:34,323 - mmseg - INFO - CSV metrics saved to: /data/pool/qmc-41b/ddrnet23_project/railsem19_ddrnet/checkpoints_new_seg_dataset_ignore67/metrics.csv
2026-04-10 10:29:34,323 - mmseg - INFO - Log file saved to: /data/pool/qmc-41b/ddrnet23_project/railsem19_ddrnet/checkpoints_new_seg_dataset_ignore67/train.log
